<?xml version="1.0" encoding="UTF-8" standalone="no"?>
<testsuite errors="0" failures="0" hostname="localhost" name="simulations.JavaApiTestSimulation" package="simulations" skipped="0" tests="9" time="29.793" timestamp="2025-09-22T22:53:51.097">
  <testcase classname="simulations.JavaApiTestSimulation" name="Health Check_Performance_Test" time="0.004">
    <properties>
      <property name="request_count" value="15"/>
      <property name="min_response_time_ms" value="2"/>
      <property name="max_response_time_ms" value="7"/>
      <property name="avg_response_time_ms" value="4"/>
      <property name="success_rate_percent" value="100.0"/>
    </properties>
    <system-out>=== Performance Test Results for Health Check ===
Total Requests: 15
Successful Requests: 15
Failed Requests: 0
Success Rate: 100.0%
Response Times (ms):
  Min: 2
  Max: 7
  Average: 4
Performance Assertions:
  Max Response Time &lt; 5000ms: PASS
  Success Rate &gt; 90%: PASS</system-out>
  </testcase>
  <testcase classname="simulations.JavaApiTestSimulation" name="Health Check_Response_Time_Under_5000ms" time="0.001"/>
  <testcase classname="simulations.JavaApiTestSimulation" name="Health Check_Success_Rate_Above_90_Percent" time="0.001"/>
  <testcase classname="simulations.JavaApiTestSimulation" name="Get All Users_Performance_Test" time="0.003">
    <properties>
      <property name="request_count" value="15"/>
      <property name="min_response_time_ms" value="1"/>
      <property name="max_response_time_ms" value="7"/>
      <property name="avg_response_time_ms" value="2"/>
      <property name="success_rate_percent" value="100.0"/>
    </properties>
    <system-out>=== Performance Test Results for Get All Users ===
Total Requests: 15
Successful Requests: 15
Failed Requests: 0
Success Rate: 100.0%
Response Times (ms):
  Min: 1
  Max: 7
  Average: 2
Performance Assertions:
  Max Response Time &lt; 5000ms: PASS
  Success Rate &gt; 90%: PASS</system-out>
  </testcase>
  <testcase classname="simulations.JavaApiTestSimulation" name="Get All Users_Response_Time_Under_5000ms" time="0.001"/>
  <testcase classname="simulations.JavaApiTestSimulation" name="Get All Users_Success_Rate_Above_90_Percent" time="0.001"/>
  <testcase classname="simulations.JavaApiTestSimulation" name="Get User by ID_Performance_Test" time="0.004">
    <properties>
      <property name="request_count" value="15"/>
      <property name="min_response_time_ms" value="2"/>
      <property name="max_response_time_ms" value="7"/>
      <property name="avg_response_time_ms" value="4"/>
      <property name="success_rate_percent" value="100.0"/>
    </properties>
    <system-out>=== Performance Test Results for Get User by ID ===
Total Requests: 15
Successful Requests: 15
Failed Requests: 0
Success Rate: 100.0%
Response Times (ms):
  Min: 2
  Max: 7
  Average: 4
Performance Assertions:
  Max Response Time &lt; 5000ms: PASS
  Success Rate &gt; 90%: PASS</system-out>
  </testcase>
  <testcase classname="simulations.JavaApiTestSimulation" name="Get User by ID_Response_Time_Under_5000ms" time="0.001"/>
  <testcase classname="simulations.JavaApiTestSimulation" name="Get User by ID_Success_Rate_Above_90_Percent" time="0.001"/>
  <properties>
    <property name="total_requests" value="45"/>
    <property name="test_duration_seconds" value="29.793"/>
    <property name="requests_per_second" value="1.51"/>
  </properties>
</testsuite>
